<?xml version="1.0" encoding="UTF-8"?>
<!-- Generated by org.testng.reporters.JUnitXMLReporter -->
<testsuite ignored="0" hostname="ip-172-31-46-167" failures="0" tests="4" name="Default test" time="94.344" errors="0" timestamp="2022-12-21T07:43:27 IST">
  <testcase classname="testCases.Verifying_Landing_Page" name="verifying_Landing_Page" time="26.226"/>
  <testcase classname="testCases.Verifying_User_Sign_On" name="enter_Details" time="17.094"/>
  <testcase classname="testCases.Verifying_User_Registration" name="verifying_Registration" time="40.675"/>
  <testcase classname="testCases.Verifying_FlightsBooking_Page" name="book_Flight" time="10.191"/>
</testsuite> <!-- Default test -->
