<?xml version="1.0" encoding="UTF-8"?>
<testng-results ignored="0" total="1" passed="1" failed="0" skipped="0">
  <reporter-output>
    <line>
      <![CDATA[Browser Opened]]>
    </line>
    <line>
      <![CDATA[Mercury Tours site is Launched]]>
    </line>
    <line>
      <![CDATA[Verified user sign on]]>
    </line>
  </reporter-output>
  <suite started-at="2022-12-23T12:04:18 IST" name="Default suite" finished-at="2022-12-23T12:04:38 IST" duration-ms="20865">
    <groups>
    </groups>
    <test started-at="2022-12-23T12:04:18 IST" name="Default test" finished-at="2022-12-23T12:04:38 IST" duration-ms="20865">
      <class name="testCases.Verifying_User_Sign_On">
        <test-method signature="enter_Details()[pri:0, instance:testCases.Verifying_User_Sign_On@59af0466]" started-at="2022-12-23T12:04:18 IST" name="enter_Details" finished-at="2022-12-23T12:04:38 IST" duration-ms="20794" status="PASS">
          <reporter-output>
            <line>
              <![CDATA[Browser Opened]]>
            </line>
            <line>
              <![CDATA[Mercury Tours site is Launched]]>
            </line>
            <line>
              <![CDATA[Verified user sign on]]>
            </line>
          </reporter-output>
        </test-method> <!-- enter_Details -->
      </class> <!-- testCases.Verifying_User_Sign_On -->
    </test> <!-- Default test -->
  </suite> <!-- Default suite -->
</testng-results>
